[debug] [2021-04-08T12:51:52.292Z] ----------------------------------------------------------------------
[debug] [2021-04-08T12:51:52.295Z] Command:       C:\Program Files\nodejs\node.exe C:\Users\Perfect\AppData\Roaming\npm\node_modules\firebase-tools\lib\bin\firebase.js deploy
[debug] [2021-04-08T12:51:52.295Z] CLI Version:   9.9.0
[debug] [2021-04-08T12:51:52.295Z] Platform:      win32
[debug] [2021-04-08T12:51:52.295Z] Node Version:  v14.15.3
[debug] [2021-04-08T12:51:52.296Z] Time:          Thu Apr 08 2021 18:51:52 GMT+0600 (Bangladesh Standard Time)
[debug] [2021-04-08T12:51:52.297Z] ----------------------------------------------------------------------
[debug] 
[debug] [2021-04-08T12:51:52.312Z] > command requires scopes: ["email","openid","https://www.googleapis.com/auth/cloudplatformprojects.readonly","https://www.googleapis.com/auth/firebase","https://www.googleapis.com/auth/cloud-platform"]
[debug] [2021-04-08T12:51:52.313Z] > authorizing via signed-in user (tusherhrt@gmail.com)
[debug] [2021-04-08T12:51:52.313Z] [iam] checking project punjabi-house-a3832 for permissions ["firebase.projects.get","firebasehosting.sites.update"]
[debug] [2021-04-08T12:51:52.316Z] >>> HTTP REQUEST POST https://cloudresourcemanager.googleapis.com/v1/projects/punjabi-house-a3832:testIamPermissions  
 {"permissions":["firebase.projects.get","firebasehosting.sites.update"]}
[debug] [2021-04-08T12:51:53.511Z] <<< HTTP RESPONSE 200 {"content-type":"application/json; charset=UTF-8","vary":"X-Origin, Referer, Origin,Accept-Encoding","date":"Thu, 08 Apr 2021 12:51:53 GMT","server":"ESF","cache-control":"private","x-xss-protection":"0","x-frame-options":"SAMEORIGIN","x-content-type-options":"nosniff","server-timing":"gfet4t7; dur=951","alt-svc":"h3-29=\":443\"; ma=2592000,h3-T051=\":443\"; ma=2592000,h3-Q050=\":443\"; ma=2592000,h3-Q046=\":443\"; ma=2592000,h3-Q043=\":443\"; ma=2592000,quic=\":443\"; ma=2592000; v=\"46,43\"","accept-ranges":"none","transfer-encoding":"chunked"}
[debug] [2021-04-08T12:51:53.514Z] > refreshing access token with scopes: []
[debug] [2021-04-08T12:51:53.515Z] >>> HTTP REQUEST POST https://www.googleapis.com/oauth2/v3/token  
 <request body omitted>
[debug] [2021-04-08T12:52:14.522Z] Authentication Error: Your credentials are no longer valid. Please run firebase login --reauth

For CI servers and headless environments, generate a new token with firebase login:ci
[debug] [2021-04-08T12:52:14.703Z] FirebaseError: Authentication Error: Your credentials are no longer valid. Please run firebase login --reauth

For CI servers and headless environments, generate a new token with firebase login:ci
    at invalidCredentialError (C:\Users\Perfect\AppData\Roaming\npm\node_modules\firebase-tools\lib\auth.js:141:12)
    at refreshTokens (C:\Users\Perfect\AppData\Roaming\npm\node_modules\firebase-tools\lib\auth.js:450:15)
    at processTicksAndRejections (internal/process/task_queues.js:93:5)
    at async Client.getAccessToken (C:\Users\Perfect\AppData\Roaming\npm\node_modules\firebase-tools\lib\apiv2.js:144:23)
    at async Client.addAuthHeader (C:\Users\Perfect\AppData\Roaming\npm\node_modules\firebase-tools\lib\apiv2.js:135:21)
    at async Client.request (C:\Users\Perfect\AppData\Roaming\npm\node_modules\firebase-tools\lib\apiv2.js:93:34)
    at async Object.getFirebaseProject (C:\Users\Perfect\AppData\Roaming\npm\node_modules\firebase-tools\lib\management\projects.js:290:21)
    at async Object.getDefaultHostingSite (C:\Users\Perfect\AppData\Roaming\npm\node_modules\firebase-tools\lib\getDefaultHostingSite.js:8:21)
    at async requireHostingSite (C:\Users\Perfect\AppData\Roaming\npm\node_modules\firebase-tools\lib\requireHostingSite.js:9:18)
    at async Object.fn (C:\Users\Perfect\AppData\Roaming\npm\node_modules\firebase-tools\lib\commands\deploy.js:66:9)
    at async C:\Users\Perfect\AppData\Roaming\npm\node_modules\firebase-tools\lib\command.js:169:17
[error] 
[error] Error: Failed to get Firebase project punjabi-house-a3832. Please make sure the project exists and your account has permission to access it.
